<?xml version="1.0" encoding="UTF-8"?>
<!-- Generated by org.testng.reporters.JUnitReportReporter -->
<testsuite skipped="0" hostname="SILCP0160" name="RestAPI.RestAPI.WheaterGetRequest" tests="1" failures="0" timestamp="01 Feb 2018 07:02:07 GMT" time="16.935" errors="0">
  <testcase name="allstates" time="16.935" classname="RestAPI.RestAPI.WheaterGetRequest"/>
</testsuite> <!-- RestAPI.RestAPI.WheaterGetRequest -->
