<?xml version="1.0" encoding="UTF-8"?>
<!-- Generated by org.testng.reporters.JUnitReportReporter -->
<testsuite skipped="0" hostname="wlpt761" name="TelenorGp.DbConn" tests="1" failures="0" timestamp="21 Jan 2020 06:29:52 GMT" time="2.784" errors="0">
  <testcase name="mongoDB" time="2.784" classname="TelenorGp.DbConn"/>
</testsuite> <!-- TelenorGp.DbConn -->
