<?xml version="1.0" encoding="UTF-8"?>
<!-- Generated by org.testng.reporters.JUnitReportReporter -->
<testsuite skipped="0" hostname="SILCP0160" name="RestAPI.RestAPI.JsonServerAPITesting" tests="1" failures="0" timestamp="21 Dec 2017 11:26:29 GMT" time="5.328" errors="0">
  <testcase name="Test_09" time="5.328" classname="RestAPI.RestAPI.JsonServerAPITesting"/>
</testsuite> <!-- RestAPI.RestAPI.JsonServerAPITesting -->
