<?xml version="1.0" encoding="UTF-8"?>
<!-- Generated by org.testng.reporters.JUnitReportReporter -->
<testsuite skipped="1" hostname="wlpt761" name="TelenorGp.GPAPI" tests="3" failures="0" timestamp="20 Feb 2020 11:00:10 GMT" time="78.668" errors="0">
  <testcase name="apicall" time="11.981" classname="TelenorGp.GPAPI"/>
  <testcase name="gtridsheet" time="66.687" classname="TelenorGp.GPAPI"/>
  <testcase name="mongoverify" classname="TelenorGp.GPAPI">
    <skipped/>
  </testcase> <!-- mongoverify -->
</testsuite> <!-- TelenorGp.GPAPI -->
