<?xml version="1.0" encoding="UTF-8"?>
<!-- Generated by org.testng.reporters.JUnitReportReporter -->
<testsuite skipped="0" hostname="SILCP0160" name="DatabaseConnections.Dbconn" tests="2" failures="0" timestamp="05 Feb 2018 05:27:37 GMT" time="5.810" errors="0">
  <testcase name="sqlconnection" time="5.459" classname="DatabaseConnections.Dbconn"/>
  <testcase name="allstates" time="0.351" classname="DatabaseConnections.Dbconn"/>
</testsuite> <!-- DatabaseConnections.Dbconn -->
