<?xml version="1.0" encoding="UTF-8"?>
<!-- Generated by org.testng.reporters.JUnitReportReporter -->
<testsuite hostname="SILCP0102" name="vTestCases.GeneralLogin" tests="1" failures="0" timestamp="30 Dec 2015 12:34:50 GMT" time="5.097" errors="0">
  <testcase name="loginApplication" time="5.097" classname="vTestCases.GeneralLogin"/>
</testsuite> <!-- vTestCases.GeneralLogin -->
