<?xml version="1.0" encoding="UTF-8"?>
<!-- Generated by org.testng.reporters.JUnitReportReporter -->
<testsuite hostname="SILCP0160" name="exampleTwo.ClassThree" tests="2" failures="0" timestamp="17 Aug 2017 11:47:55 GMT" time="0.032" errors="0">
  <testcase name="secondTestCase" time="0.000" classname="exampleTwo.ClassThree"/>
  <testcase name="firstTestCase" time="0.032" classname="exampleTwo.ClassThree"/>
</testsuite> <!-- exampleTwo.ClassThree -->
