<?xml version="1.0" encoding="UTF-8"?>
<!-- Generated by org.testng.reporters.JUnitReportReporter -->
<testsuite hostname="SILCP0160" name="exampleOne.Classone" tests="2" failures="0" timestamp="17 Aug 2017 11:47:55 GMT" time="0.009" errors="0">
  <testcase name="firstTestCase" time="0.004" classname="exampleOne.Classone"/>
  <testcase name="secondTestCase" time="0.005" classname="exampleOne.Classone"/>
</testsuite> <!-- exampleOne.Classone -->
