<?xml version="1.0" encoding="UTF-8"?>
<!-- Generated by org.testng.reporters.JUnitReportReporter -->
<testsuite hostname="SILCP0160" name="exampleTwo.ClassFour" tests="2" failures="0" timestamp="17 Aug 2017 11:47:55 GMT" time="0.008" errors="0">
  <testcase name="secondTestCase" time="0.005" classname="exampleTwo.ClassFour"/>
  <testcase name="firstTestCase" time="0.003" classname="exampleTwo.ClassFour"/>
</testsuite> <!-- exampleTwo.ClassFour -->
