<?xml version="1.0" encoding="UTF-8"?>
<!-- Generated by org.testng.reporters.JUnitReportReporter -->
<testsuite hostname="SILCP0160" name="exampleOne.ClassTwo" tests="2" failures="0" timestamp="17 Aug 2017 11:47:55 GMT" time="0.019" errors="0">
  <testcase name="firstTestCase" time="0.008" classname="exampleOne.ClassTwo"/>
  <testcase name="secondTestCase" time="0.011" classname="exampleOne.ClassTwo"/>
</testsuite> <!-- exampleOne.ClassTwo -->
