<?xml version="1.0" encoding="UTF-8"?>
<!-- Generated by org.testng.reporters.JUnitReportReporter -->
<testsuite hostname="SILCP0160" name="Test.NewTest" tests="1" failures="0" timestamp="13 Nov 2017 06:13:51 GMT" time="137.306" errors="0">
  <testcase name="f" time="137.306" classname="Test.NewTest"/>
</testsuite> <!-- Test.NewTest -->
