<?xml version="1.0" encoding="UTF-8"?>
<!-- Generated by org.testng.reporters.JUnitReportReporter -->
<testsuite hostname="pc-PC" name="com.selenium.UtilityFiles.Read_xls" tests="1" failures="0" timestamp="22 Jun 2017 09:07:03 GMT" time="25.956" errors="0">
  <testcase name="testImportexport1" time="25.956" classname="com.selenium.UtilityFiles.Read_xls"/>
</testsuite> <!-- com.selenium.UtilityFiles.Read_xls -->
