<?xml version="1.0" encoding="UTF-8"?>
<!-- Generated by org.testng.reporters.JUnitReportReporter -->
<testsuite hostname="pc-PC" name="com.selenium.UtilityFiles.VerifyMultipleUserLogins" tests="1" failures="0" timestamp="26 Jun 2017 15:08:44 GMT" time="33.215" errors="0">
  <testcase name="testImportexport1" time="33.215" classname="com.selenium.UtilityFiles.VerifyMultipleUserLogins"/>
</testsuite> <!-- com.selenium.UtilityFiles.VerifyMultipleUserLogins -->
