<?xml version="1.0" encoding="UTF-8"?>
<!-- Generated by org.testng.reporters.JUnitReportReporter -->
<testsuite hostname="pc-PC" name="tests.TestGroupExample" tests="1" failures="0" timestamp="6 Apr 2017 00:35:46 GMT" time="0.001" errors="0">
  <testcase name="firstSmokeTest" time="0.001" classname="tests.TestGroupExample"/>
</testsuite> <!-- tests.TestGroupExample -->
