<?xml version="1.0" encoding="UTF-8"?>
<!-- Generated by org.testng.reporters.JUnitReportReporter -->
<testsuite hostname="pc-PC" name="com.selenium.UtilityFiles.AddCustomerGroups" tests="1" failures="0" timestamp="26 Jun 2017 15:08:44 GMT" time="59.719" errors="0">
  <testcase name="customersAdd" time="59.719" classname="com.selenium.UtilityFiles.AddCustomerGroups"/>
</testsuite> <!-- com.selenium.UtilityFiles.AddCustomerGroups -->
