<?xml version="1.0" encoding="UTF-8"?>
<!-- Generated by org.testng.reporters.JUnitReportReporter -->
<testsuite hostname="pc-PC" name="tests.MultipleTestGroupExample" tests="3" failures="0" timestamp="11 Apr 2017 05:51:18 GMT" time="0.020" errors="0">
  <testcase name="secondTest" time="0.020" classname="tests.MultipleTestGroupExample"/>
  <testcase name="thirdTest" time="0.000" classname="tests.MultipleTestGroupExample"/>
  <testcase name="firstTest" time="0.000" classname="tests.MultipleTestGroupExample"/>
</testsuite> <!-- tests.MultipleTestGroupExample -->
