<?xml version="1.0" encoding="UTF-8"?>
<!-- Generated by org.testng.reporters.JUnitReportReporter -->
<testsuite hostname="pc-PC" name="com.selenium.UtilityFiles.AddCustomers" tests="1" failures="0" timestamp="26 Jun 2017 15:08:44 GMT" time="91.960" errors="0">
  <testcase name="customersAdd" time="91.960" classname="com.selenium.UtilityFiles.AddCustomers"/>
</testsuite> <!-- com.selenium.UtilityFiles.AddCustomers -->
