<?xml version="1.0" encoding="UTF-8"?>
<!-- Generated by org.testng.reporters.JUnitReportReporter -->
<testsuite skipped="0" hostname="SILCP0160" name="first.test" tests="1" failures="0" timestamp="12 Sep 2017 12:33:18 GMT" time="13.804" errors="0">
  <testcase name="verifyHomepageTitle" time="13.804" classname="first.test"/>
</testsuite> <!-- first.test -->
