<?xml version="1.0" encoding="UTF-8"?>
<!-- Generated by org.testng.reporters.JUnitReportReporter -->
<testsuite skipped="0" hostname="SILCP0160" name="frameworkPkg.FrameWorkClass" tests="2" failures="0" timestamp="13 Sep 2017 09:41:48 GMT" time="18.533" errors="0">
  <testcase name="test1" time="13.300" classname="frameworkPkg.FrameWorkClass"/>
  <testcase name="credentials" time="5.233" classname="frameworkPkg.FrameWorkClass"/>
</testsuite> <!-- frameworkPkg.FrameWorkClass -->
