<?xml version="1.0" encoding="UTF-8"?>
<!-- Generated by org.testng.reporters.JUnitReportReporter -->
<testsuite skipped="0" hostname="SILCP0160" name="excelFile.ExcelFile" tests="1" failures="0" timestamp="14 Sep 2017 06:00:07 GMT" time="0.370" errors="0">
  <testcase name="Login" time="0.370" classname="excelFile.ExcelFile"/>
</testsuite> <!-- excelFile.ExcelFile -->
