<?xml version="1.0" encoding="UTF-8"?>
<!-- Generated by org.testng.reporters.JUnitReportReporter -->
<testsuite hostname="wlpt761" failures="0" tests="1" name="RestAPItest.RestAPItest.DataPackBankdpbActivation" time="6.196" errors="0" timestamp="10 Jan 2019 10:44:06 GMT" skipped="0">
  <testcase classname="RestAPItest.RestAPItest.DataPackBankdpbActivation" name="f" time="6.196"/>
</testsuite> <!-- RestAPItest.RestAPItest.DataPackBankdpbActivation -->
