<?xml version="1.0" encoding="UTF-8"?>
<!-- Generated by org.testng.reporters.JUnitReportReporter -->
<testsuite skipped="0" hostname="WLPT855" name="RestAPItest.RestAPItest.DataPackBankdpbActivation" tests="1" failures="0" timestamp="07 Jan 2019 09:25:12 GMT" time="2.682" errors="0">
  <testcase name="f" time="2.682" classname="RestAPItest.RestAPItest.DataPackBankdpbActivation"/>
</testsuite> <!-- RestAPItest.RestAPItest.DataPackBankdpbActivation -->
