<?xml version="1.0" encoding="UTF-8"?>
<!-- Generated by org.testng.reporters.JUnitReportReporter -->
<testsuite skipped="0" hostname="SILCP0160" name="serviceCentralPkg.ServiceCentral15" tests="1" failures="0" timestamp="20 Dec 2017 10:41:15 GMT" time="131.613" errors="0">
  <testcase name="f1" time="131.613" classname="serviceCentralPkg.ServiceCentral15"/>
</testsuite> <!-- serviceCentralPkg.ServiceCentral15 -->
