<?xml version="1.0" encoding="UTF-8"?>
<!-- Generated by org.testng.reporters.JUnitReportReporter -->
<testsuite skipped="0" hostname="SILCP0160" name="serviceCentralPkg.ServiceCentral21" tests="1" failures="0" timestamp="25 Sep 2017 10:19:09 GMT" time="189.799" errors="0">
  <testcase name="f1" time="189.799" classname="serviceCentralPkg.ServiceCentral21"/>
</testsuite> <!-- serviceCentralPkg.ServiceCentral21 -->
