<?xml version="1.0" encoding="UTF-8"?>
<!-- Generated by org.testng.reporters.JUnitReportReporter -->
<testsuite skipped="0" hostname="SILCP0160" name="serviceCentralPkg.ServiceCentral6" tests="1" failures="0" timestamp="05 Sep 2017 08:07:24 GMT" time="168.905" errors="0">
  <testcase name="f1" time="168.905" classname="serviceCentralPkg.ServiceCentral6"/>
</testsuite> <!-- serviceCentralPkg.ServiceCentral6 -->
