<?xml version="1.0" encoding="UTF-8"?>
<!-- Generated by org.testng.reporters.JUnitReportReporter -->
<testsuite skipped="0" hostname="SILCP0160" name="serviceCentralPkg.ServiceCentral23" tests="1" failures="0" timestamp="25 Sep 2017 10:09:19 GMT" time="206.395" errors="0">
  <testcase name="f1" time="206.395" classname="serviceCentralPkg.ServiceCentral23"/>
</testsuite> <!-- serviceCentralPkg.ServiceCentral23 -->
