<?xml version="1.0" encoding="UTF-8"?>
<!-- Generated by org.testng.reporters.JUnitReportReporter -->
<testsuite hostname="SILCP0160" name="serviceCentralPkg.ServiceCentral10" tests="1" failures="0" timestamp="15 Nov 2017 06:10:59 GMT" time="53.134" errors="1">
  <testcase name="f1" time="53.134" classname="serviceCentralPkg.ServiceCentral10">
    <error type="org.openqa.selenium.WebDriverException" message="Failed to connect to binary FirefoxBinary(C:\Program Files (x86)\Mozilla Firefox\firefox.exe) on port 7055; process output follows: 
ons.json	DEBUG	Starting write
1510725983526	DeferredSave.extensions.json	DEBUG	Write succeeded
1510725983538	DeferredSave.addons.json	DEBUG	Write succeeded
[GPU 3564] WARNING: pipe error: 109: file c:/builds/moz2_slave/m-rel-w32-00000000000000000000/build/src/ipc/chromium/src/chrome/common/ipc_channel_win.cc, line 346
1510725987909	addons.manager	DEBUG	Starting provider: &lt;unnamed-provider&gt;
1510725987909	addons.manager	DEBUG	Registering shutdown blocker for &lt;unnamed-provider&gt;
1510725987910	addons.manager	DEBUG	Provider finished startup: &lt;unnamed-provider&gt;
1510725987914	addons.xpi	INFO	Mapping fxdriver@googlecode.com to C:\Users\RAJESH~1.KON\AppData\Local\Temp\anonymous1015885272962217862webdriver-profile\extensions\fxdriver@googlecode.com
1510725987914	addons.xpi	DEBUG	Ignoring file entry whose name is not a valid add-on ID: C:\Users\RAJESH~1.KON\AppData\Local\Temp\anonymous1015885272962217862webdriver-profile\extensions\webdriver-staging
1510725987915	addons.xpi	DEBUG	Existing add-on fxdriver@googlecode.com in app-profile
1510725987916	addons.xpi	INFO	Mapping aushelper@mozilla.org to C:\Program Files (x86)\Mozilla Firefox\browser\features\aushelper@mozilla.org.xpi
1510725987916	addons.xpi	INFO	Mapping clicktoplay-rollout@mozilla.org to C:\Program Files (x86)\Mozilla Firefox\browser\features\clicktoplay-rollout@mozilla.org.xpi
1510725987917	addons.xpi	INFO	Mapping e10srollout@mozilla.org to C:\Program Files (x86)\Mozilla Firefox\browser\features\e10srollout@mozilla.org.xpi
1510725987917	addons.xpi	INFO	Mapping firefox@getpocket.com to C:\Program Files (x86)\Mozilla Firefox\browser\features\firefox@getpocket.com.xpi
1510725987917	addons.xpi	INFO	Mapping followonsearch@mozilla.com to C:\Program Files (x86)\Mozilla Firefox\browser\features\followonsearch@mozilla.com.xpi
1510725987917	addons.xpi	INFO	Mapping screenshots@mozilla.org to C:\Program Files (x86)\Mozilla Firefox\browser\features\screenshots@mozilla.org.xpi
1510725987917	addons.xpi	INFO	Mapping shield-recipe-client@mozilla.org to C:\Program Files (x86)\Mozilla Firefox\browser\features\shield-recipe-client@mozilla.org.xpi
1510725987917	addons.xpi	INFO	Mapping webcompat@mozilla.org to C:\Program Files (x86)\Mozilla Firefox\browser\features\webcompat@mozilla.org.xpi
1510725987918	addons.xpi	DEBUG	Existing add-on aushelper@mozilla.org in app-system-defaults
1510725987919	addons.xpi	DEBUG	Existing add-on clicktoplay-rollout@mozilla.org in app-system-defaults
1510725987919	addons.xpi	DEBUG	Existing add-on e10srollout@mozilla.org in app-system-defaults
1510725987920	addons.xpi	DEBUG	Existing add-on firefox@getpocket.com in app-system-defaults
1510725987920	addons.xpi	DEBUG	Existing add-on followonsearch@mozilla.com in app-system-defaults
1510725987920	addons.xpi	DEBUG	Existing add-on screenshots@mozilla.org in app-system-defaults
1510725987921	addons.xpi	DEBUG	Existing add-on shield-recipe-client@mozilla.org in app-system-defaults
1510725987921	addons.xpi	DEBUG	Existing add-on webcompat@mozilla.org in app-system-defaults
1510725987922	addons.xpi	INFO	Mapping {972ce4c6-7e08-4474-a285-3208198ce6fd} to C:\Program Files (x86)\Mozilla Firefox\browser\extensions\{972ce4c6-7e08-4474-a285-3208198ce6fd}.xpi
1510725987922	addons.xpi	DEBUG	Existing add-on {972ce4c6-7e08-4474-a285-3208198ce6fd} in app-global
1510725987923	addons.xpi	DEBUG	getInstallState changed: false, state: {}
1510725989816	addons.productaddons	INFO	sending request to: https://aus5.mozilla.org/update/3/GMP/55.0.3/20170824053622/WINNT_x86-msvc-x64/en-US/release/Windows_NT%2010.0.0.0%20(x64)/default/default/update.xml
1510725991926	addons.productaddons	INFO	Completed downloading document
1510725993143	addons.productaddons	INFO	downloadXHR File download. status=200
1510725993216	addons.productaddons	INFO	Downloaded file will be saved to C:\Users\RAJESH~1.KON\AppData\Local\Temp\tmpaddon
1510725994504	addons.productaddons	INFO	downloadXHR File download. status=200
1510725994509	addons.productaddons	INFO	Downloaded file will be saved to C:\Users\RAJESH~1.KON\AppData\Local\Temp\tmpaddon

Build info: version: &#039;2.53.0&#039;, revision: &#039;35ae25b&#039;, time: &#039;2016-03-15 17:00:58&#039;
System info: host: &#039;SILCP0160&#039;, ip: &#039;192.168.100.83&#039;, os.name: &#039;Windows 10&#039;, os.arch: &#039;amd64&#039;, os.version: &#039;10.0&#039;, java.version: &#039;1.8.0_73&#039;
Driver info: driver.version: FirefoxDriver">
      <![CDATA[org.openqa.selenium.WebDriverException: Failed to connect to binary FirefoxBinary(C:\Program Files (x86)\Mozilla Firefox\firefox.exe) on port 7055; process output follows: 
ons.json	DEBUG	Starting write
1510725983526	DeferredSave.extensions.json	DEBUG	Write succeeded
1510725983538	DeferredSave.addons.json	DEBUG	Write succeeded
[GPU 3564] WARNING: pipe error: 109: file c:/builds/moz2_slave/m-rel-w32-00000000000000000000/build/src/ipc/chromium/src/chrome/common/ipc_channel_win.cc, line 346
1510725987909	addons.manager	DEBUG	Starting provider: <unnamed-provider>
1510725987909	addons.manager	DEBUG	Registering shutdown blocker for <unnamed-provider>
1510725987910	addons.manager	DEBUG	Provider finished startup: <unnamed-provider>
1510725987914	addons.xpi	INFO	Mapping fxdriver@googlecode.com to C:\Users\RAJESH~1.KON\AppData\Local\Temp\anonymous1015885272962217862webdriver-profile\extensions\fxdriver@googlecode.com
1510725987914	addons.xpi	DEBUG	Ignoring file entry whose name is not a valid add-on ID: C:\Users\RAJESH~1.KON\AppData\Local\Temp\anonymous1015885272962217862webdriver-profile\extensions\webdriver-staging
1510725987915	addons.xpi	DEBUG	Existing add-on fxdriver@googlecode.com in app-profile
1510725987916	addons.xpi	INFO	Mapping aushelper@mozilla.org to C:\Program Files (x86)\Mozilla Firefox\browser\features\aushelper@mozilla.org.xpi
1510725987916	addons.xpi	INFO	Mapping clicktoplay-rollout@mozilla.org to C:\Program Files (x86)\Mozilla Firefox\browser\features\clicktoplay-rollout@mozilla.org.xpi
1510725987917	addons.xpi	INFO	Mapping e10srollout@mozilla.org to C:\Program Files (x86)\Mozilla Firefox\browser\features\e10srollout@mozilla.org.xpi
1510725987917	addons.xpi	INFO	Mapping firefox@getpocket.com to C:\Program Files (x86)\Mozilla Firefox\browser\features\firefox@getpocket.com.xpi
1510725987917	addons.xpi	INFO	Mapping followonsearch@mozilla.com to C:\Program Files (x86)\Mozilla Firefox\browser\features\followonsearch@mozilla.com.xpi
1510725987917	addons.xpi	INFO	Mapping screenshots@mozilla.org to C:\Program Files (x86)\Mozilla Firefox\browser\features\screenshots@mozilla.org.xpi
1510725987917	addons.xpi	INFO	Mapping shield-recipe-client@mozilla.org to C:\Program Files (x86)\Mozilla Firefox\browser\features\shield-recipe-client@mozilla.org.xpi
1510725987917	addons.xpi	INFO	Mapping webcompat@mozilla.org to C:\Program Files (x86)\Mozilla Firefox\browser\features\webcompat@mozilla.org.xpi
1510725987918	addons.xpi	DEBUG	Existing add-on aushelper@mozilla.org in app-system-defaults
1510725987919	addons.xpi	DEBUG	Existing add-on clicktoplay-rollout@mozilla.org in app-system-defaults
1510725987919	addons.xpi	DEBUG	Existing add-on e10srollout@mozilla.org in app-system-defaults
1510725987920	addons.xpi	DEBUG	Existing add-on firefox@getpocket.com in app-system-defaults
1510725987920	addons.xpi	DEBUG	Existing add-on followonsearch@mozilla.com in app-system-defaults
1510725987920	addons.xpi	DEBUG	Existing add-on screenshots@mozilla.org in app-system-defaults
1510725987921	addons.xpi	DEBUG	Existing add-on shield-recipe-client@mozilla.org in app-system-defaults
1510725987921	addons.xpi	DEBUG	Existing add-on webcompat@mozilla.org in app-system-defaults
1510725987922	addons.xpi	INFO	Mapping {972ce4c6-7e08-4474-a285-3208198ce6fd} to C:\Program Files (x86)\Mozilla Firefox\browser\extensions\{972ce4c6-7e08-4474-a285-3208198ce6fd}.xpi
1510725987922	addons.xpi	DEBUG	Existing add-on {972ce4c6-7e08-4474-a285-3208198ce6fd} in app-global
1510725987923	addons.xpi	DEBUG	getInstallState changed: false, state: {}
1510725989816	addons.productaddons	INFO	sending request to: https://aus5.mozilla.org/update/3/GMP/55.0.3/20170824053622/WINNT_x86-msvc-x64/en-US/release/Windows_NT%2010.0.0.0%20(x64)/default/default/update.xml
1510725991926	addons.productaddons	INFO	Completed downloading document
1510725993143	addons.productaddons	INFO	downloadXHR File download. status=200
1510725993216	addons.productaddons	INFO	Downloaded file will be saved to C:\Users\RAJESH~1.KON\AppData\Local\Temp\tmpaddon
1510725994504	addons.productaddons	INFO	downloadXHR File download. status=200
1510725994509	addons.productaddons	INFO	Downloaded file will be saved to C:\Users\RAJESH~1.KON\AppData\Local\Temp\tmpaddon

Build info: version: '2.53.0', revision: '35ae25b', time: '2016-03-15 17:00:58'
System info: host: 'SILCP0160', ip: '192.168.100.83', os.name: 'Windows 10', os.arch: 'amd64', os.version: '10.0', java.version: '1.8.0_73'
Driver info: driver.version: FirefoxDriver
	at org.openqa.selenium.firefox.internal.NewProfileExtensionConnection.start(NewProfileExtensionConnection.java:124)
	at org.openqa.selenium.firefox.FirefoxDriver.startClient(FirefoxDriver.java:271)
	at org.openqa.selenium.remote.RemoteWebDriver.<init>(RemoteWebDriver.java:119)
	at org.openqa.selenium.firefox.FirefoxDriver.<init>(FirefoxDriver.java:218)
	at org.openqa.selenium.firefox.FirefoxDriver.<init>(FirefoxDriver.java:211)
	at org.openqa.selenium.firefox.FirefoxDriver.<init>(FirefoxDriver.java:207)
	at org.openqa.selenium.firefox.FirefoxDriver.<init>(FirefoxDriver.java:120)
	at serviceCentralPkg.ServiceCentral10.f1(ServiceCentral10.java:363)
	at sun.reflect.NativeMethodAccessorImpl.invoke0(Native Method)
	at sun.reflect.NativeMethodAccessorImpl.invoke(NativeMethodAccessorImpl.java:62)
	at sun.reflect.DelegatingMethodAccessorImpl.invoke(DelegatingMethodAccessorImpl.java:43)
	at java.lang.reflect.Method.invoke(Method.java:497)
	at org.testng.internal.MethodInvocationHelper.invokeMethod(MethodInvocationHelper.java:85)
	at org.testng.internal.Invoker.invokeMethod(Invoker.java:639)
	at org.testng.internal.Invoker.invokeTestMethod(Invoker.java:816)
	at org.testng.internal.Invoker.invokeTestMethods(Invoker.java:1124)
	at org.testng.internal.TestMethodWorker.invokeTestMethods(TestMethodWorker.java:125)
	at org.testng.internal.TestMethodWorker.run(TestMethodWorker.java:108)
	at org.testng.TestRunner.privateRun(TestRunner.java:774)
	at org.testng.TestRunner.run(TestRunner.java:624)
	at org.testng.SuiteRunner.runTest(SuiteRunner.java:359)
	at org.testng.SuiteRunner.runSequentially(SuiteRunner.java:354)
	at org.testng.SuiteRunner.privateRun(SuiteRunner.java:312)
	at org.testng.SuiteRunner.run(SuiteRunner.java:261)
	at org.testng.SuiteRunnerWorker.runSuite(SuiteRunnerWorker.java:52)
	at org.testng.SuiteRunnerWorker.run(SuiteRunnerWorker.java:86)
	at org.testng.TestNG.runSuitesSequentially(TestNG.java:1215)
	at org.testng.TestNG.runSuitesLocally(TestNG.java:1140)
	at org.testng.TestNG.run(TestNG.java:1048)
	at org.testng.TestNG.privateMain(TestNG.java:1355)
	at org.testng.TestNG.main(TestNG.java:1324)
Caused by: org.openqa.selenium.firefox.NotConnectedException: Unable to connect to host 127.0.0.1 on port 7055 after 45000 ms. Firefox console output:
ons.json	DEBUG	Starting write
1510725983526	DeferredSave.extensions.json	DEBUG	Write succeeded
1510725983538	DeferredSave.addons.json	DEBUG	Write succeeded
[GPU 3564] WARNING: pipe error: 109: file c:/builds/moz2_slave/m-rel-w32-00000000000000000000/build/src/ipc/chromium/src/chrome/common/ipc_channel_win.cc, line 346
1510725987909	addons.manager	DEBUG	Starting provider: <unnamed-provider>
1510725987909	addons.manager	DEBUG	Registering shutdown blocker for <unnamed-provider>
1510725987910	addons.manager	DEBUG	Provider finished startup: <unnamed-provider>
1510725987914	addons.xpi	INFO	Mapping fxdriver@googlecode.com to C:\Users\RAJESH~1.KON\AppData\Local\Temp\anonymous1015885272962217862webdriver-profile\extensions\fxdriver@googlecode.com
1510725987914	addons.xpi	DEBUG	Ignoring file entry whose name is not a valid add-on ID: C:\Users\RAJESH~1.KON\AppData\Local\Temp\anonymous1015885272962217862webdriver-profile\extensions\webdriver-staging
1510725987915	addons.xpi	DEBUG	Existing add-on fxdriver@googlecode.com in app-profile
1510725987916	addons.xpi	INFO	Mapping aushelper@mozilla.org to C:\Program Files (x86)\Mozilla Firefox\browser\features\aushelper@mozilla.org.xpi
1510725987916	addons.xpi	INFO	Mapping clicktoplay-rollout@mozilla.org to C:\Program Files (x86)\Mozilla Firefox\browser\features\clicktoplay-rollout@mozilla.org.xpi
1510725987917	addons.xpi	INFO	Mapping e10srollout@mozilla.org to C:\Program Files (x86)\Mozilla Firefox\browser\features\e10srollout@mozilla.org.xpi
1510725987917	addons.xpi	INFO	Mapping firefox@getpocket.com to C:\Program Files (x86)\Mozilla Firefox\browser\features\firefox@getpocket.com.xpi
1510725987917	addons.xpi	INFO	Mapping followonsearch@mozilla.com to C:\Program Files (x86)\Mozilla Firefox\browser\features\followonsearch@mozilla.com.xpi
1510725987917	addons.xpi	INFO	Mapping screenshots@mozilla.org to C:\Program Files (x86)\Mozilla Firefox\browser\features\screenshots@mozilla.org.xpi
1510725987917	addons.xpi	INFO	Mapping shield-recipe-client@mozilla.org to C:\Program Files (x86)\Mozilla Firefox\browser\features\shield-recipe-client@mozilla.org.xpi
1510725987917	addons.xpi	INFO	Mapping webcompat@mozilla.org to C:\Program Files (x86)\Mozilla Firefox\browser\features\webcompat@mozilla.org.xpi
1510725987918	addons.xpi	DEBUG	Existing add-on aushelper@mozilla.org in app-system-defaults
1510725987919	addons.xpi	DEBUG	Existing add-on clicktoplay-rollout@mozilla.org in app-system-defaults
1510725987919	addons.xpi	DEBUG	Existing add-on e10srollout@mozilla.org in app-system-defaults
1510725987920	addons.xpi	DEBUG	Existing add-on firefox@getpocket.com in app-system-defaults
1510725987920	addons.xpi	DEBUG	Existing add-on followonsearch@mozilla.com in app-system-defaults
1510725987920	addons.xpi	DEBUG	Existing add-on screenshots@mozilla.org in app-system-defaults
1510725987921	addons.xpi	DEBUG	Existing add-on shield-recipe-client@mozilla.org in app-system-defaults
1510725987921	addons.xpi	DEBUG	Existing add-on webcompat@mozilla.org in app-system-defaults
1510725987922	addons.xpi	INFO	Mapping {972ce4c6-7e08-4474-a285-3208198ce6fd} to C:\Program Files (x86)\Mozilla Firefox\browser\extensions\{972ce4c6-7e08-4474-a285-3208198ce6fd}.xpi
1510725987922	addons.xpi	DEBUG	Existing add-on {972ce4c6-7e08-4474-a285-3208198ce6fd} in app-global
1510725987923	addons.xpi	DEBUG	getInstallState changed: false, state: {}
1510725989816	addons.productaddons	INFO	sending request to: https://aus5.mozilla.org/update/3/GMP/55.0.3/20170824053622/WINNT_x86-msvc-x64/en-US/release/Windows_NT%2010.0.0.0%20(x64)/default/default/update.xml
1510725991926	addons.productaddons	INFO	Completed downloading document
1510725993143	addons.productaddons	INFO	downloadXHR File download. status=200
1510725993216	addons.productaddons	INFO	Downloaded file will be saved to C:\Users\RAJESH~1.KON\AppData\Local\Temp\tmpaddon
1510725994504	addons.productaddons	INFO	downloadXHR File download. status=200
1510725994509	addons.productaddons	INFO	Downloaded file will be saved to C:\Users\RAJESH~1.KON\AppData\Local\Temp\tmpaddon

	at org.openqa.selenium.firefox.internal.NewProfileExtensionConnection.start(NewProfileExtensionConnection.java:112)
	... 30 more
]]>
    </error>
  </testcase> <!-- f1 -->
</testsuite> <!-- serviceCentralPkg.ServiceCentral10 -->
