<?xml version="1.0" encoding="UTF-8"?>
<!-- Generated by org.testng.reporters.JUnitReportReporter -->
<testsuite skipped="0" hostname="SILCP0160" name="serviceCentralPkg.ServiceCentral13" tests="1" failures="0" timestamp="27 Dec 2017 10:13:18 GMT" time="130.142" errors="0">
  <testcase name="f1" time="130.142" classname="serviceCentralPkg.ServiceCentral13"/>
</testsuite> <!-- serviceCentralPkg.ServiceCentral13 -->
