<?xml version="1.0" encoding="UTF-8"?>
<!-- Generated by org.testng.reporters.JUnitReportReporter -->
<testsuite skipped="0" hostname="SILCP0160" name="serviceCentralPkg.ServiceCentral19" tests="1" failures="0" timestamp="20 Dec 2017 10:41:14 GMT" time="118.375" errors="0">
  <testcase name="f1" time="118.375" classname="serviceCentralPkg.ServiceCentral19"/>
</testsuite> <!-- serviceCentralPkg.ServiceCentral19 -->
