<?xml version="1.0" encoding="UTF-8"?>
<!-- Generated by org.testng.reporters.JUnitReportReporter -->
<testsuite skipped="0" hostname="SILCP0160" name="serviceCentralPkg.ServiceCentral14" tests="1" failures="0" timestamp="27 Dec 2017 10:04:55 GMT" time="112.050" errors="0">
  <testcase name="f1" time="112.050" classname="serviceCentralPkg.ServiceCentral14"/>
</testsuite> <!-- serviceCentralPkg.ServiceCentral14 -->
