<?xml version="1.0" encoding="UTF-8"?>
<!-- Generated by org.testng.reporters.JUnitReportReporter -->
<testsuite skipped="0" hostname="SILCP0160" name="serviceCentralPkg.ServiceCentral7" tests="1" failures="0" timestamp="05 Sep 2017 08:07:24 GMT" time="175.563" errors="0">
  <testcase name="f1" time="175.563" classname="serviceCentralPkg.ServiceCentral7"/>
</testsuite> <!-- serviceCentralPkg.ServiceCentral7 -->
