<?xml version="1.0" encoding="UTF-8"?>
<!-- Generated by org.testng.reporters.JUnitReportReporter -->
<testsuite skipped="0" hostname="SILCP0160" name="ExcelDatadropdown.TestExcelDropDown" tests="2" failures="0" timestamp="11 Sep 2017 10:12:27 GMT" time="0.081" errors="0">
  <testcase name="testCase2" time="0.003" classname="ExcelDatadropdown.TestExcelDropDown"/>
  <testcase name="testCase1" time="0.078" classname="ExcelDatadropdown.TestExcelDropDown"/>
</testsuite> <!-- ExcelDatadropdown.TestExcelDropDown -->
