<?xml version="1.0" encoding="UTF-8"?>
<!-- Generated by org.testng.reporters.JUnitReportReporter -->
<testsuite skipped="0" hostname="SILCP0160" name="serviceCentralPkg.ex" tests="1" failures="0" timestamp="07 Sep 2017 11:23:22 GMT" time="0.389" errors="0">
  <testcase name="sq" time="0.389" classname="serviceCentralPkg.ex"/>
</testsuite> <!-- serviceCentralPkg.ex -->
