<?xml version="1.0" encoding="UTF-8"?>
<!-- Generated by org.testng.reporters.JUnitReportReporter -->
<testsuite skipped="0" hostname="SILCP0160" name="serviceCentralPkg.ServiceCentral20" tests="1" failures="0" timestamp="25 Sep 2017 10:09:19 GMT" time="195.412" errors="0">
  <testcase name="f1" time="195.412" classname="serviceCentralPkg.ServiceCentral20"/>
</testsuite> <!-- serviceCentralPkg.ServiceCentral20 -->
